<?xml version="1.0" encoding="UTF-8"?>
<testsuite name="petstore.Pet" tests="3" skipped="0" failures="0" errors="0" timestamp="2021-08-13T00:50:07" hostname="UDI-9G0DM83" time="5.033">
  <properties/>
  <testcase name="inclurPet" classname="petstore.Pet" time="3.085"/>
  <testcase name="consultarPet" classname="petstore.Pet" time="1.012"/>
  <testcase name="alterarPet" classname="petstore.Pet" time="0.932"/>
  <system-out><![CDATA[Request method:	POST
Request URI:	https://petstore.swagger.io/v2/pet
Proxy:			<none>
Request params:	<none>
Query params:	<none>
Form params:	<none>
Path params:	<none>
Headers:		Accept=*/*
				Content-Type=application/json; charset=UTF-8
Cookies:		<none>
Multiparts:		<none>
Body:
{
    "id": 98765432198,
    "category": {
        "id": 1,
        "name": "AX2345LORT"
    },
    "name": "Stark",
    "photoUrls": [
        "/home/oliveirabauer/Imagens/cachorro-origem5.jpg",
        "/home/oliveirabauer/Imagens/download.jpeg"
    ],
    "tags": [
        {
            "id": 2021,
            "name": "sta"
        }
    ],
    "status": "available"
}
HTTP/1.1 200 OK
Date: Fri, 13 Aug 2021 00:50:08 GMT
Content-Type: application/json
Transfer-Encoding: chunked
Connection: keep-alive
Access-Control-Allow-Origin: *
Access-Control-Allow-Methods: GET, POST, DELETE, PUT
Access-Control-Allow-Headers: Content-Type, api_key, Authorization
Server: Jetty(9.2.9.v20150224)

{
    "id": 98765432198,
    "category": {
        "id": 1,
        "name": "AX2345LORT"
    },
    "name": "Stark",
    "photoUrls": [
        "/home/oliveirabauer/Imagens/cachorro-origem5.jpg",
        "/home/oliveirabauer/Imagens/download.jpeg"
    ],
    "tags": [
        {
            "id": 2021,
            "name": "sta"
        }
    ],
    "status": "available"
}
Request method:	GET
Request URI:	https://petstore.swagger.io/v2/pet/98765432198
Proxy:			<none>
Request params:	<none>
Query params:	<none>
Form params:	<none>
Path params:	<none>
Headers:		Accept=*/*
				Content-Type=application/json; charset=UTF-8
Cookies:		<none>
Multiparts:		<none>
Body:			<none>
HTTP/1.1 200 OK
Date: Fri, 13 Aug 2021 00:50:10 GMT
Content-Type: application/json
Transfer-Encoding: chunked
Connection: keep-alive
Access-Control-Allow-Origin: *
Access-Control-Allow-Methods: GET, POST, DELETE, PUT
Access-Control-Allow-Headers: Content-Type, api_key, Authorization
Server: Jetty(9.2.9.v20150224)

{
    "id": 98765432198,
    "category": {
        "id": 1,
        "name": "AX2345LORT"
    },
    "name": "Stark",
    "photoUrls": [
        "/home/oliveirabauer/Imagens/cachorro-origem5.jpg",
        "/home/oliveirabauer/Imagens/download.jpeg"
    ],
    "tags": [
        {
            "id": 2021,
            "name": "sta"
        }
    ],
    "status": "available"
}
TOKEN: AX2345LORT
Request method:	PUT
Request URI:	https://petstore.swagger.io/v2/pet
Proxy:			<none>
Request params:	<none>
Query params:	<none>
Form params:	<none>
Path params:	<none>
Headers:		Accept=*/*
				Content-Type=application/json; charset=UTF-8
Cookies:		<none>
Multiparts:		<none>
Body:
{
    "id": 98765432198,
    "category": {
        "id": 1,
        "name": "AX2345LORT"
    },
    "name": "Stark",
    "photoUrls": [
        "/home/oliveirabauer/Imagens/cachorro-origem5.jpg",
        "/home/oliveirabauer/Imagens/download.jpeg"
    ],
    "tags": [
        {
            "id": 2021,
            "name": "sta"
        }
    ],
    "status": "sold"
}
HTTP/1.1 200 OK
Date: Fri, 13 Aug 2021 00:50:11 GMT
Content-Type: application/json
Transfer-Encoding: chunked
Connection: keep-alive
Access-Control-Allow-Origin: *
Access-Control-Allow-Methods: GET, POST, DELETE, PUT
Access-Control-Allow-Headers: Content-Type, api_key, Authorization
Server: Jetty(9.2.9.v20150224)

{
    "id": 98765432198,
    "category": {
        "id": 1,
        "name": "AX2345LORT"
    },
    "name": "Stark",
    "photoUrls": [
        "/home/oliveirabauer/Imagens/cachorro-origem5.jpg",
        "/home/oliveirabauer/Imagens/download.jpeg"
    ],
    "tags": [
        {
            "id": 2021,
            "name": "sta"
        }
    ],
    "status": "sold"
}
]]></system-out>
  <system-err><![CDATA[]]></system-err>
</testsuite>
